{
  message: 'successfully fetched all users',
  level: 'info',
  label: 'winston custom format',
  timestamp: '03-10-2024 18:56:58'
}
03-10-2024 18:59:27 [winston custom format] info: successfully fetched all users
{
  message: 'successfully fetched all users',
  level: 'info',
  label: 'winston custom format',
  timestamp: '03-10-2024 19:00:32'
}
{
  message: 'successfully fetched all users',
  level: 'info',
  label: 'winston custom format',
  timestamp: '03-10-2024 19:02:14'
}
{
  message: 'successfully fetched all users',
  level: 'info',
  label: 'winston custom format',
  timestamp: '03-10-2024 19:14:43'
}
{
  message: 'successfully fetched all users',
  level: 'info',
  label: 'winston custom format',
  timestamp: '03-10-2024 19:25:14'
}
{
  message: 'successfully fetched all users',
  level: 'info',
  label: 'winston custom format',
  timestamp: '03-10-2024 19:25:20'
}
{
  message: 'successfully fetched all users',
  level: 'info',
  label: 'winston custom format',
  timestamp: '03-10-2024 19:25:24'
}
{
  message: 'successfully fetched all users',
  level: 'info',
  label: 'winston custom format',
  timestamp: '03-10-2024 19:26:43'
}
{
  message: 'successfully fetched all users',
  level: 'info',
  label: 'winston custom format',
  timestamp: '03-10-2024 19:26:46'
}
{
  message: 'successfully fetched all users',
  level: 'info',
  label: 'winston custom format',
  timestamp: '03-10-2024 19:31:45'
}
{
  message: 'successfully fetched all users',
  level: 'info',
  label: 'winston custom format',
  timestamp: '03-10-2024 19:38:53'
}
{
  message: 'successfully fetched all users',
  level: 'info',
  label: 'winston custom format',
  timestamp: '03-10-2024 19:38:54'
}
{
  message: 'successfully fetched all users',
  level: 'info',
  label: 'winston custom format',
  timestamp: '03-10-2024 19:39:05'
}
{
  message: 'successfully fetched all users',
  level: 'info',
  label: 'winston custom format',
  timestamp: '03-10-2024 19:39:07'
}
{
  message: 'successfully fetched all users',
  level: 'info',
  label: 'winston custom format',
  timestamp: '03-10-2024 19:39:13'
}
{
  message: 'successfully fetched all users',
  level: 'info',
  label: 'winston custom format',
  timestamp: '03-10-2024 19:39:17'
}
{"label":"winston custom format","level":"info","message":"successfully fetched all users","timestamp":"03-10-2024 20:05:45"}
{"label":"winston custom format","level":"info","message":"successfully fetched all users","timestamp":"03-10-2024 20:05:47"}
{"label":"winston custom format","level":"info","message":"successfully fetched all users","timestamp":"03-10-2024 20:07:04"}
{"label":"winston custom format","level":"info","message":"successfully fetched all users","timestamp":"03-10-2024 20:07:05"}
{"label":"winston custom format","level":"info","message":"successfully fetched all users","timestamp":"03-10-2024 20:07:06"}
{"label":"winston custom format","level":"info","message":"successfully fetched all users","timestamp":"03-10-2024 20:07:08"}
{"label":"winston custom format","level":"info","message":"successfully fetched all users","timestamp":"03-10-2024 20:07:11"}
{"label":"winston custom format","level":"info","message":"successfully fetched all users","timestamp":"03-10-2024 20:07:15"}
{"label":"winston custom format","level":"info","message":"successfully fetched all users","timestamp":"03-10-2024 20:07:18"}
{"label":"winston custom format","level":"info","message":"successfully fetched all users","timestamp":"03-10-2024 20:07:23"}
{"label":"winston custom format","level":"info","message":"successfully fetched all users","timestamp":"03-10-2024 20:07:26"}
{"label":"winston custom format","level":"error","message":"Error in reading all users","timestamp":"03-10-2024 20:09:07"}
{"label":"winston custom format","level":"error","message":"Error in reading all users","timestamp":"03-10-2024 20:10:50"}
{"label":"winston custom format","level":"error","message":"Error in reading all users","timestamp":"03-10-2024 20:10:52"}
{"label":"winston custom format","level":"error","message":"Error in reading all users","timestamp":"03-10-2024 20:11:16"}
{"label":"winston custom format","level":"error","message":"Error in reading all users","timestamp":"03-10-2024 20:11:18"}
{"label":"winston custom format","level":"error","message":"Error in reading all users","timestamp":"03-10-2024 20:11:21"}
{"label":"winston custom format","level":"error","message":"Error in reading all users","timestamp":"03-10-2024 20:11:28"}
{"label":"winston custom format","level":"error","message":"Error in reading all users","timestamp":"03-10-2024 20:11:31"}
