{
  message: 'successfully fetched all users',
  level: 'info',
  label: 'winston custom format',
  timestamp: '03-10-2024 18:56:58'
}
03-10-2024 18:59:27 [winston custom format] info: successfully fetched all users
{
  message: 'successfully fetched all users',
  level: 'info',
  label: 'winston custom format',
  timestamp: '03-10-2024 19:00:32'
}
{
  message: 'successfully fetched all users',
  level: 'info',
  label: 'winston custom format',
  timestamp: '03-10-2024 19:02:14'
}
{
  message: 'successfully fetched all users',
  level: 'info',
  label: 'winston custom format',
  timestamp: '03-10-2024 19:14:43'
}
{
  message: 'successfully fetched all users',
  level: 'info',
  label: 'winston custom format',
  timestamp: '03-10-2024 19:25:14'
}
{
  message: 'successfully fetched all users',
  level: 'info',
  label: 'winston custom format',
  timestamp: '03-10-2024 19:25:20'
}
{
  message: 'successfully fetched all users',
  level: 'info',
  label: 'winston custom format',
  timestamp: '03-10-2024 19:25:24'
}
{
  message: 'successfully fetched all users',
  level: 'info',
  label: 'winston custom format',
  timestamp: '03-10-2024 19:26:43'
}
{
  message: 'successfully fetched all users',
  level: 'info',
  label: 'winston custom format',
  timestamp: '03-10-2024 19:26:46'
}
{
  message: 'successfully fetched all users',
  level: 'info',
  label: 'winston custom format',
  timestamp: '03-10-2024 19:31:45'
}
{
  message: 'successfully fetched all users',
  level: 'info',
  label: 'winston custom format',
  timestamp: '03-10-2024 19:38:53'
}
{
  message: 'successfully fetched all users',
  level: 'info',
  label: 'winston custom format',
  timestamp: '03-10-2024 19:38:54'
}
{
  message: 'successfully fetched all users',
  level: 'info',
  label: 'winston custom format',
  timestamp: '03-10-2024 19:39:05'
}
{
  message: 'successfully fetched all users',
  level: 'info',
  label: 'winston custom format',
  timestamp: '03-10-2024 19:39:07'
}
{
  message: 'successfully fetched all users',
  level: 'info',
  label: 'winston custom format',
  timestamp: '03-10-2024 19:39:13'
}
{
  message: 'successfully fetched all users',
  level: 'info',
  label: 'winston custom format',
  timestamp: '03-10-2024 19:39:17'
}
